[2026-02-02 22:57:00.662] [INFO] Sol application starting
[2026-02-02 22:57:00.834] [INFO] Application starting...
[2026-02-02 22:57:00.834] [INFO] Setting up events...
[2026-02-02 22:57:00.834] [INFO] Application initialized successfully
[2026-02-02 22:57:45.384] [INFO] Open file dialog triggered
[2026-02-02 22:58:01.124] [INFO] Sol application terminated
[2026-02-02 23:01:11.352] [INFO] Sol application starting
[2026-02-02 23:01:11.521] [INFO] Application starting...
[2026-02-02 23:01:11.521] [INFO] Setting up events...
[2026-02-02 23:01:11.522] [INFO] Application initialized successfully
[2026-02-02 23:01:21.470] [INFO] Working directory set to: /Users/duke/Code/sol
[2026-02-02 23:01:25.706] [INFO] Loaded file: /Users/duke/Code/sol/src/main.cpp
[2026-02-02 23:01:30.463] [WARN] Unsupported file type: /Users/duke/Code/sol/sol.log
[2026-02-02 23:01:30.463] [INFO] Loaded file: /Users/duke/Code/sol/sol.log
[2026-02-02 23:01:37.013] [WARN] Unsupported file type: /Users/duke/Code/sol/LICENSE
[2026-02-02 23:01:37.014] [INFO] Loaded file: /Users/duke/Code/sol/LICENSE
[2026-02-02 23:02:04.734] [INFO] Open file dialog triggered
[2026-02-02 23:02:09.374] [INFO] Working directory set to: /Users/duke/Code/sol
[2026-02-02 23:02:20.503] [INFO] Sol application terminated
[2026-02-02 23:04:28.622] [INFO] Sol application starting
[2026-02-02 23:04:28.801] [INFO] Application starting...
[2026-02-02 23:04:28.801] [INFO] Setting up events...
[2026-02-02 23:04:28.801] [INFO] Application initialized successfully
[2026-02-02 23:04:35.804] [INFO] Working directory set to: /Users/duke/Code/sol
[2026-02-02 23:04:37.029] [WARN] Unsupported file type: /Users/duke/Code/sol/sol.log
[2026-02-02 23:04:37.029] [INFO] Loaded file: /Users/duke/Code/sol/sol.log
[2026-02-02 23:04:37.797] [WARN] Unsupported file type: /Users/duke/Code/sol/imgui.ini
[2026-02-02 23:04:37.797] [INFO] Loaded file: /Users/duke/Code/sol/imgui.ini
[2026-02-02 23:04:39.198] [WARN] Unsupported file type: /Users/duke/Code/sol/LICENSE
[2026-02-02 23:04:39.198] [INFO] Loaded file: /Users/duke/Code/sol/LICENSE
[2026-02-02 23:04:40.072] [INFO] Loaded file: /Users/duke/Code/sol/CMakeLists.txt
[2026-02-02 23:05:08.981] [INFO] Closed buffer: sol.log
[2026-02-02 23:08:05.629] [INFO] Sol application starting
[2026-02-02 23:08:05.830] [INFO] Application starting...
[2026-02-02 23:08:05.830] [INFO] Setting up events...
[2026-02-02 23:08:05.830] [INFO] Application initialized successfully
[2026-02-02 23:08:12.230] [INFO] Working directory set to: /Users/duke/Code/sol
[2026-02-02 23:08:13.630] [INFO] Loaded file: /Users/duke/Code/sol/CMakeLists.txt
[2026-02-02 23:08:14.188] [WARN] Unsupported file type: /Users/duke/Code/sol/LICENSE
[2026-02-02 23:08:14.189] [INFO] Loaded file: /Users/duke/Code/sol/LICENSE
[2026-02-02 23:08:14.655] [WARN] Unsupported file type: /Users/duke/Code/sol/imgui.ini
[2026-02-02 23:08:14.656] [INFO] Loaded file: /Users/duke/Code/sol/imgui.ini
[2026-02-02 23:08:15.580] [WARN] Unsupported file type: /Users/duke/Code/sol/sol.log
[2026-02-02 23:08:15.581] [INFO] Loaded file: /Users/duke/Code/sol/sol.log
[2026-02-02 23:08:36.034] [INFO] Sol application terminated
[2026-02-02 23:09:31.086] [INFO] Sol application starting
[2026-02-02 23:09:31.231] [INFO] Application starting...
[2026-02-02 23:09:31.231] [INFO] Setting up events...
[2026-02-02 23:09:31.231] [INFO] Application initialized successfully
[2026-02-02 23:10:11.223] [INFO] Working directory set to: /Users/duke/Code/sol
[2026-02-02 23:10:12.056] [INFO] Loaded file: /Users/duke/Code/sol/CMakeLists.txt
[2026-02-02 23:10:12.555] [WARN] Unsupported file type: /Users/duke/Code/sol/LICENSE
[2026-02-02 23:10:12.556] [INFO] Loaded file: /Users/duke/Code/sol/LICENSE
[2026-02-02 23:10:13.113] [WARN] Unsupported file type: /Users/duke/Code/sol/imgui.ini
[2026-02-02 23:10:13.113] [INFO] Loaded file: /Users/duke/Code/sol/imgui.ini
[2026-02-02 23:10:13.680] [WARN] Unsupported file type: /Users/duke/Code/sol/sol.log
[2026-02-02 23:10:13.680] [INFO] Loaded file: /Users/duke/Code/sol/sol.log
[2026-02-02 23:10:45.057] [INFO] Loaded file: /Users/duke/Code/sol/src/main.cpp
[2026-02-02 23:10:50.939] [INFO] Loaded file: /Users/duke/Code/sol/src/core/application.cpp
[2026-02-02 23:10:51.546] [INFO] Loaded file: /Users/duke/Code/sol/src/core/application.h
[2026-02-02 23:10:52.081] [INFO] Loaded file: /Users/duke/Code/sol/src/core/event_system.cpp
[2026-02-02 23:10:52.651] [INFO] Loaded file: /Users/duke/Code/sol/src/core/event_system.h
[2026-02-02 23:10:53.164] [INFO] Loaded file: /Users/duke/Code/sol/src/core/job_system.h
[2026-02-02 23:10:53.774] [INFO] Loaded file: /Users/duke/Code/sol/src/core/logger.cpp
[2026-02-02 23:11:19.982] [INFO] Closed buffer: LICENSE
[2026-02-02 23:11:20.912] [INFO] Closed buffer: imgui.ini
[2026-02-02 23:11:21.951] [INFO] Closed buffer: sol.log
[2026-02-02 23:11:22.956] [INFO] Closed buffer: CMakeLists.txt
[2026-02-02 23:11:23.856] [INFO] Closed buffer: main.cpp
[2026-02-02 23:11:24.739] [INFO] Closed buffer: application.cpp
[2026-02-02 23:11:25.413] [INFO] Closed buffer: application.h
[2026-02-02 23:11:26.212] [INFO] Closed buffer: event_system.cpp
[2026-02-02 23:11:27.021] [INFO] Closed buffer: event_system.h
[2026-02-02 23:11:27.898] [INFO] Closed buffer: job_system.h
[2026-02-02 23:11:28.954] [INFO] Closed buffer: logger.cpp
[2026-02-02 23:11:30.157] [INFO] Sol application terminated
